<?xml version="1.0" encoding="UTF-8"?>
<testng-results skipped="0" failed="0" total="2" passed="2">
  <reporter-output>
  </reporter-output>
  <suite name="Suite" duration-ms="65098" started-at="2019-05-27T00:14:11Z" finished-at="2019-05-27T00:15:16Z">
    <groups>
    </groups>
    <test name="on chrome" duration-ms="39909" started-at="2019-05-27T00:14:11Z" finished-at="2019-05-27T00:14:51Z">
      <class name="grid.GridEg">
        <test-method status="PASS" signature="grid(java.lang.String, java.lang.String)[pri:0, instance:grid.GridEg@19bb089b]" name="grid" duration-ms="39830" started-at="2019-05-27T05:44:11Z" finished-at="2019-05-27T05:44:51Z">
          <params>
            <param index="0">
              <value>
                <![CDATA[chrome]]>
              </value>
            </param>
            <param index="1">
              <value>
                <![CDATA[windows]]>
              </value>
            </param>
          </params>
          <reporter-output>
          </reporter-output>
        </test-method> <!-- grid -->
      </class> <!-- grid.GridEg -->
    </test> <!-- on chrome -->
    <test name="on Firefox" duration-ms="65098" started-at="2019-05-27T00:14:11Z" finished-at="2019-05-27T00:15:16Z">
      <class name="grid.GridEg">
        <test-method status="PASS" signature="grid(java.lang.String, java.lang.String)[pri:0, instance:grid.GridEg@2eee9593]" name="grid" duration-ms="65017" started-at="2019-05-27T05:44:11Z" finished-at="2019-05-27T05:45:16Z">
          <params>
            <param index="0">
              <value>
                <![CDATA[firefox]]>
              </value>
            </param>
            <param index="1">
              <value>
                <![CDATA[windows]]>
              </value>
            </param>
          </params>
          <reporter-output>
          </reporter-output>
        </test-method> <!-- grid -->
      </class> <!-- grid.GridEg -->
    </test> <!-- on Firefox -->
  </suite> <!-- Suite -->
</testng-results>
