<?xml version="1.0" encoding="UTF-8"?>
<!-- Generated by org.testng.reporters.JUnitXMLReporter -->
<testsuite hostname="Mypc" name="EmpRegTest" tests="1" failures="0" timestamp="25 May 2019 00:57:09 GMT" time="0.404" errors="0">
  <testcase name="@BeforeTest org_Login" time="0.0" classname="testNG.EmpReg_TestNG">
    <failure type="java.lang.NullPointerException">
      <![CDATA[java.lang.NullPointerException
	at testNG.TestNGMaster.org_Login(TestNGMaster.java:52)
... Removed 22 stack frames]]>
    </failure>
  </testcase> <!-- @BeforeTest org_Login -->
  <testcase name="@AfterTest org_Logout" time="0.0" classname="testNG.EmpReg_TestNG">
    <skipped/>
  </testcase> <!-- @AfterTest org_Logout -->
  <testcase name="org_EmpReg" time="0.049" classname="testNG.EmpReg_TestNG">
    <skipped/>
  </testcase> <!-- org_EmpReg -->
</testsuite> <!-- EmpRegTest -->
